0 info it worked if it ends with ok
1 verbose cli [ 'node',
1 verbose cli   '/Users/shioihiroto/.meteor/packages/meteor-tool/.1.3.4_4.1y2tyfs++os.osx.x86_64+web.browser+web.cordova/mt-os.osx.x86_64/dev_bundle/bin/npm',
1 verbose cli   'run',
1 verbose cli   'lint' ]
2 info using npm@3.10.5
3 info using node@v0.10.46
4 verbose run-script [ 'prelint', 'lint', 'postlint' ]
5 info lifecycle WebDevMemo@~prelint: WebDevMemo@
6 silly lifecycle WebDevMemo@~prelint: no script for prelint, continuing
7 info lifecycle WebDevMemo@~lint: WebDevMemo@
8 verbose lifecycle WebDevMemo@~lint: unsafe-perm in lifecycle true
9 verbose lifecycle WebDevMemo@~lint: PATH: /Users/shioihiroto/.meteor/packages/meteor-tool/.1.3.4_4.1y2tyfs++os.osx.x86_64+web.browser+web.cordova/mt-os.osx.x86_64/dev_bundle/lib/node_modules/npm/bin/node-gyp-bin:/Users/shioihiroto/projects/meteor/WebDevMemo/node_modules/.bin:/Users/shioihiroto/.meteor/packages/meteor-tool/.1.3.4_4.1y2tyfs++os.osx.x86_64+web.browser+web.cordova/mt-os.osx.x86_64/dev_bundle/bin:/Users/shioihiroto/.meteor/packages/meteor-tool/.1.3.4_4.1y2tyfs++os.osx.x86_64+web.browser+web.cordova/mt-os.osx.x86_64/dev_bundle/bin:/Users/shioihiroto/.meteor/packages/meteor-tool/.1.3.4_4.1y2tyfs++os.osx.x86_64+web.browser+web.cordova/mt-os.osx.x86_64/dev_bundle/lib/node_modules/.bin:/Users/shioihiroto/.rvm/gems/ruby-2.3.0/bin:/Users/shioihiroto/.rvm/gems/ruby-2.3.0@global/bin:/Users/shioihiroto/.rvm/rubies/ruby-2.3.0/bin:/usr/local/bin:/usr/bin:/bin:/usr/sbin:/sbin:/opt/X11/bin:/usr/local/git/bin:/Users/shioihiroto/.rvm/bin
10 verbose lifecycle WebDevMemo@~lint: CWD: /Users/shioihiroto/projects/meteor/WebDevMemo
11 silly lifecycle WebDevMemo@~lint: Args: [ '-c', 'eslint .' ]
12 silly lifecycle WebDevMemo@~lint: Returned: code: 1  signal: null
13 info lifecycle WebDevMemo@~lint: Failed to exec lint script
14 verbose stack Error: WebDevMemo@ lint: `eslint .`
14 verbose stack Exit status 1
14 verbose stack     at EventEmitter.<anonymous> (/Users/shioihiroto/.meteor/packages/meteor-tool/.1.3.4_4.1y2tyfs++os.osx.x86_64+web.browser+web.cordova/mt-os.osx.x86_64/dev_bundle/lib/node_modules/npm/lib/utils/lifecycle.js:242:16)
14 verbose stack     at EventEmitter.emit (events.js:98:17)
14 verbose stack     at ChildProcess.<anonymous> (/Users/shioihiroto/.meteor/packages/meteor-tool/.1.3.4_4.1y2tyfs++os.osx.x86_64+web.browser+web.cordova/mt-os.osx.x86_64/dev_bundle/lib/node_modules/npm/lib/utils/spawn.js:40:14)
14 verbose stack     at ChildProcess.emit (events.js:98:17)
14 verbose stack     at maybeClose (child_process.js:766:16)
14 verbose stack     at Process.ChildProcess._handle.onexit (child_process.js:833:5)
15 verbose pkgid WebDevMemo@
16 verbose cwd /Users/shioihiroto/projects/meteor/WebDevMemo
17 error Darwin 15.5.0
18 error argv "node" "/Users/shioihiroto/.meteor/packages/meteor-tool/.1.3.4_4.1y2tyfs++os.osx.x86_64+web.browser+web.cordova/mt-os.osx.x86_64/dev_bundle/bin/npm" "run" "lint"
19 error node v0.10.46
20 error npm  v3.10.5
21 error code ELIFECYCLE
22 error WebDevMemo@ lint: `eslint .`
22 error Exit status 1
23 error Failed at the WebDevMemo@ lint script 'eslint .'.
23 error Make sure you have the latest version of node.js and npm installed.
23 error If you do, this is most likely a problem with the WebDevMemo package,
23 error not with npm itself.
23 error Tell the author that this fails on your system:
23 error     eslint .
23 error You can get information on how to open an issue for this project with:
23 error     npm bugs WebDevMemo
23 error Or if that isn't available, you can get their info via:
23 error     npm owner ls WebDevMemo
23 error There is likely additional logging output above.
24 verbose exit [ 1, true ]
